<?xml version="1.0" encoding="UTF-8"?>
<testsuite xmlns:xsi="http://www.w3.org/2001/XMLSchema-instance" xsi:noNamespaceSchemaLocation="https://maven.apache.org/surefire/maven-surefire-plugin/xsd/surefire-test-report.xsd" name="com.maddy.app.AppTest" time="0.135" tests="1" errors="0" skipped="0" failures="0">
  <properties>
    <property name="sun.desktop" value="gnome"/>
    <property name="awt.toolkit" value="sun.awt.X11.XToolkit"/>
    <property name="java.specification.version" value="11"/>
    <property name="sun.cpu.isalist" value=""/>
    <property name="sun.jnu.encoding" value="UTF-8"/>
    <property name="java.class.path" value="/home/mandar/dynamodb/my-app/target/test-classes:/home/mandar/dynamodb/my-app/target/classes:/home/mandar/.m2/repository/junit/junit/4.13.1/junit-4.13.1.jar:/home/mandar/.m2/repository/org/hamcrest/hamcrest-core/1.3/hamcrest-core-1.3.jar:/home/mandar/.m2/repository/com/amazonaws/aws-java-sdk-dynamodb/1.11.961/aws-java-sdk-dynamodb-1.11.961.jar:/home/mandar/.m2/repository/com/amazonaws/aws-java-sdk-s3/1.11.961/aws-java-sdk-s3-1.11.961.jar:/home/mandar/.m2/repository/com/amazonaws/aws-java-sdk-kms/1.11.961/aws-java-sdk-kms-1.11.961.jar:/home/mandar/.m2/repository/com/amazonaws/jmespath-java/1.11.961/jmespath-java-1.11.961.jar:/home/mandar/.m2/repository/com/amazonaws/aws-java-sdk-core/1.11.370/aws-java-sdk-core-1.11.370.jar:/home/mandar/.m2/repository/commons-logging/commons-logging/1.1.3/commons-logging-1.1.3.jar:/home/mandar/.m2/repository/org/apache/httpcomponents/httpclient/4.5.5/httpclient-4.5.5.jar:/home/mandar/.m2/repository/org/apache/httpcomponents/httpcore/4.4.9/httpcore-4.4.9.jar:/home/mandar/.m2/repository/commons-codec/commons-codec/1.10/commons-codec-1.10.jar:/home/mandar/.m2/repository/software/amazon/ion/ion-java/1.0.2/ion-java-1.0.2.jar:/home/mandar/.m2/repository/com/fasterxml/jackson/core/jackson-databind/2.6.7.1/jackson-databind-2.6.7.1.jar:/home/mandar/.m2/repository/com/fasterxml/jackson/core/jackson-annotations/2.6.0/jackson-annotations-2.6.0.jar:/home/mandar/.m2/repository/com/fasterxml/jackson/core/jackson-core/2.6.7/jackson-core-2.6.7.jar:/home/mandar/.m2/repository/com/fasterxml/jackson/dataformat/jackson-dataformat-cbor/2.6.7/jackson-dataformat-cbor-2.6.7.jar:/home/mandar/.m2/repository/joda-time/joda-time/2.8.1/joda-time-2.8.1.jar:"/>
    <property name="java.vm.vendor" value="Ubuntu"/>
    <property name="sun.arch.data.model" value="64"/>
    <property name="java.vendor.url" value="https://ubuntu.com/"/>
    <property name="user.timezone" value=""/>
    <property name="java.vm.specification.version" value="11"/>
    <property name="os.name" value="Linux"/>
    <property name="sun.java.launcher" value="SUN_STANDARD"/>
    <property name="user.country" value="IE"/>
    <property name="sun.boot.library.path" value="/usr/lib/jvm/java-11-openjdk-amd64/lib"/>
    <property name="sun.java.command" value="/home/mandar/dynamodb/my-app/target/surefire/surefirebooter9386485384838461525.jar /home/mandar/dynamodb/my-app/target/surefire 2021-02-24T18-04-30_965-jvmRun1 surefire1546915568418733921tmp surefire_03809200930775828944tmp"/>
    <property name="jdk.debug" value="release"/>
    <property name="surefire.test.class.path" value="/home/mandar/dynamodb/my-app/target/test-classes:/home/mandar/dynamodb/my-app/target/classes:/home/mandar/.m2/repository/junit/junit/4.13.1/junit-4.13.1.jar:/home/mandar/.m2/repository/org/hamcrest/hamcrest-core/1.3/hamcrest-core-1.3.jar:/home/mandar/.m2/repository/com/amazonaws/aws-java-sdk-dynamodb/1.11.961/aws-java-sdk-dynamodb-1.11.961.jar:/home/mandar/.m2/repository/com/amazonaws/aws-java-sdk-s3/1.11.961/aws-java-sdk-s3-1.11.961.jar:/home/mandar/.m2/repository/com/amazonaws/aws-java-sdk-kms/1.11.961/aws-java-sdk-kms-1.11.961.jar:/home/mandar/.m2/repository/com/amazonaws/jmespath-java/1.11.961/jmespath-java-1.11.961.jar:/home/mandar/.m2/repository/com/amazonaws/aws-java-sdk-core/1.11.370/aws-java-sdk-core-1.11.370.jar:/home/mandar/.m2/repository/commons-logging/commons-logging/1.1.3/commons-logging-1.1.3.jar:/home/mandar/.m2/repository/org/apache/httpcomponents/httpclient/4.5.5/httpclient-4.5.5.jar:/home/mandar/.m2/repository/org/apache/httpcomponents/httpcore/4.4.9/httpcore-4.4.9.jar:/home/mandar/.m2/repository/commons-codec/commons-codec/1.10/commons-codec-1.10.jar:/home/mandar/.m2/repository/software/amazon/ion/ion-java/1.0.2/ion-java-1.0.2.jar:/home/mandar/.m2/repository/com/fasterxml/jackson/core/jackson-databind/2.6.7.1/jackson-databind-2.6.7.1.jar:/home/mandar/.m2/repository/com/fasterxml/jackson/core/jackson-annotations/2.6.0/jackson-annotations-2.6.0.jar:/home/mandar/.m2/repository/com/fasterxml/jackson/core/jackson-core/2.6.7/jackson-core-2.6.7.jar:/home/mandar/.m2/repository/com/fasterxml/jackson/dataformat/jackson-dataformat-cbor/2.6.7/jackson-dataformat-cbor-2.6.7.jar:/home/mandar/.m2/repository/joda-time/joda-time/2.8.1/joda-time-2.8.1.jar:"/>
    <property name="sun.cpu.endian" value="little"/>
    <property name="user.home" value="/home/mandar"/>
    <property name="user.language" value="en"/>
    <property name="java.specification.vendor" value="Oracle Corporation"/>
    <property name="java.version.date" value="2021-01-19"/>
    <property name="java.home" value="/usr/lib/jvm/java-11-openjdk-amd64"/>
    <property name="file.separator" value="/"/>
    <property name="basedir" value="/home/mandar/dynamodb/my-app"/>
    <property name="java.vm.compressedOopsMode" value="Zero based"/>
    <property name="line.separator" value="&#10;"/>
    <property name="java.specification.name" value="Java Platform API Specification"/>
    <property name="java.vm.specification.vendor" value="Oracle Corporation"/>
    <property name="java.awt.graphicsenv" value="sun.awt.X11GraphicsEnvironment"/>
    <property name="surefire.real.class.path" value="/home/mandar/dynamodb/my-app/target/surefire/surefirebooter9386485384838461525.jar"/>
    <property name="sun.management.compiler" value="HotSpot 64-Bit Tiered Compilers"/>
    <property name="java.runtime.version" value="11.0.10+9-Ubuntu-0ubuntu1.20.04"/>
    <property name="user.name" value="mandar"/>
    <property name="path.separator" value=":"/>
    <property name="os.version" value="5.8.0-43-generic"/>
    <property name="java.runtime.name" value="OpenJDK Runtime Environment"/>
    <property name="file.encoding" value="UTF-8"/>
    <property name="java.vm.name" value="OpenJDK 64-Bit Server VM"/>
    <property name="localRepository" value="/home/mandar/.m2/repository"/>
    <property name="java.vendor.url.bug" value="https://bugs.launchpad.net/ubuntu/+source/openjdk-lts"/>
    <property name="java.io.tmpdir" value="/tmp"/>
    <property name="java.version" value="11.0.10"/>
    <property name="user.dir" value="/home/mandar/dynamodb/my-app"/>
    <property name="os.arch" value="amd64"/>
    <property name="java.vm.specification.name" value="Java Virtual Machine Specification"/>
    <property name="java.awt.printerjob" value="sun.print.PSPrinterJob"/>
    <property name="sun.os.patch.level" value="unknown"/>
    <property name="java.library.path" value="/usr/java/packages/lib:/usr/lib/x86_64-linux-gnu/jni:/lib/x86_64-linux-gnu:/usr/lib/x86_64-linux-gnu:/usr/lib/jni:/lib:/usr/lib"/>
    <property name="java.vm.info" value="mixed mode, sharing"/>
    <property name="java.vendor" value="Ubuntu"/>
    <property name="java.vm.version" value="11.0.10+9-Ubuntu-0ubuntu1.20.04"/>
    <property name="sun.io.unicode.encoding" value="UnicodeLittle"/>
    <property name="java.class.version" value="55.0"/>
  </properties>
  <testcase name="shouldAnswerWithTrue" classname="com.maddy.app.AppTest" time="0.01"/>
</testsuite>